<?xml version="1.0" encoding="UTF-8"?>
<!-- Generated by org.testng.reporters.JUnitXMLReporter -->
<testsuite hostname="LAPTOP-G9HHL1F8" ignored="0" name="Test" tests="12" failures="1" timestamp="2020-07-04T03:26:06 IST" time="76.767" errors="0">
  <testcase name="loginTest" time="3.575" classname="Execution.Executetestcases"/>
  <testcase name="CreateOrdercalltracker" time="28.603" classname="Execution.Executetestcases"/>
  <testcase name="WorkOrder" time="8.679" classname="Execution.Executetestcases"/>
  <testcase name="Photos" time="3.155" classname="Execution.Executetestcases">
    <failure type="org.openqa.selenium.InvalidArgumentException" message="invalid argument: File not found : C:\Users\cchauhan\git\StriePhotos\diamond.jpg
  (Session info: chrome=83.0.4103.116)
Build info: version: &amp;apos;4.0.0-alpha-4&amp;apos;, revision: &amp;apos;c2d955b49e&amp;apos;
System info: host: &amp;apos;LAPTOP-G9HHL1F8&amp;apos;, ip: &amp;apos;192.168.0.108&amp;apos;, os.name: &amp;apos;Windows 10&amp;apos;, os.arch: &amp;apos;amd64&amp;apos;, os.version: &amp;apos;10.0&amp;apos;, java.version: &amp;apos;1.8.0_251&amp;apos;
Driver info: org.openqa.selenium.chrome.ChromeDriver
Capabilities {acceptInsecureCerts: false, browserName: chrome, browserVersion: 83.0.4103.116, chrome: {chromedriverVersion: 83.0.4103.39 (ccbf011cb2d2b..., userDataDir: C:\Users\cchauhan\AppData\L...}, goog:chromeOptions: {debuggerAddress: localhost:53038}, javascriptEnabled: true, networkConnectionEnabled: false, pageLoadStrategy: normal, platform: WINDOWS, platformName: WINDOWS, proxy: Proxy(), setWindowRect: true, strictFileInteractability: false, timeouts: {implicit: 0, pageLoad: 300000, script: 30000}, unhandledPromptBehavior: dismiss and notify, webauthn:virtualAuthenticators: true}
Session ID: 130cade26cb5ca30c479868db87373f2">
      <![CDATA[org.openqa.selenium.InvalidArgumentException: invalid argument: File not found : C:\Users\cchauhan\git\StriePhotos\diamond.jpg
  (Session info: chrome=83.0.4103.116)
Build info: version: '4.0.0-alpha-4', revision: 'c2d955b49e'
System info: host: 'LAPTOP-G9HHL1F8', ip: '192.168.0.108', os.name: 'Windows 10', os.arch: 'amd64', os.version: '10.0', java.version: '1.8.0_251'
Driver info: org.openqa.selenium.chrome.ChromeDriver
Capabilities {acceptInsecureCerts: false, browserName: chrome, browserVersion: 83.0.4103.116, chrome: {chromedriverVersion: 83.0.4103.39 (ccbf011cb2d2b..., userDataDir: C:\Users\cchauhan\AppData\L...}, goog:chromeOptions: {debuggerAddress: localhost:53038}, javascriptEnabled: true, networkConnectionEnabled: false, pageLoadStrategy: normal, platform: WINDOWS, platformName: WINDOWS, proxy: Proxy(), setWindowRect: true, strictFileInteractability: false, timeouts: {implicit: 0, pageLoad: 300000, script: 30000}, unhandledPromptBehavior: dismiss and notify, webauthn:virtualAuthenticators: true}
Session ID: 130cade26cb5ca30c479868db87373f2
at org.openqa.selenium.remote.codec.w3c.W3CHttpResponseCodec.createException(W3CHttpResponseCodec.java:196)
at org.openqa.selenium.remote.codec.w3c.W3CHttpResponseCodec.decode(W3CHttpResponseCodec.java:129)
at org.openqa.selenium.remote.codec.w3c.W3CHttpResponseCodec.decode(W3CHttpResponseCodec.java:53)
at org.openqa.selenium.remote.HttpCommandExecutor.execute(HttpCommandExecutor.java:161)
at org.openqa.selenium.remote.service.DriverCommandExecutor.execute(DriverCommandExecutor.java:83)
at org.openqa.selenium.remote.RemoteWebDriver.execute(RemoteWebDriver.java:582)
at org.openqa.selenium.remote.RemoteWebElement.execute(RemoteWebElement.java:316)
at org.openqa.selenium.remote.RemoteWebElement.sendKeys(RemoteWebElement.java:115)
at org.openqa.selenium.support.pagefactory.internal.LocatingElementHandler.invoke(LocatingElementHandler.java:52)
at com.sun.proxy.$Proxy14.sendKeys(Unknown Source)
at Pages.Photos.choosephoto(Photos.java:62)
at Execution.Executetestcases.Photos(Executetestcases.java:268)
at java.util.ArrayList.forEach(Unknown Source)
... Removed 34 stack frames]]>
    </failure>
  </testcase> <!-- Photos -->
  <testcase name="Estimate" time="3.165" classname="Execution.Executetestcases"/>
  <testcase name="billing" time="5.148" classname="Execution.Executetestcases"/>
  <testcase name="Supply" time="2.077" classname="Execution.Executetestcases"/>
  <testcase name="payment" time="1.809" classname="Execution.Executetestcases"/>
  <testcase name="Receipt" time="4.181" classname="Execution.Executetestcases"/>
  <testcase name="invoice" time="3.15" classname="Execution.Executetestcases"/>
  <testcase name="form" time="3.368" classname="Execution.Executetestcases"/>
  <testcase name="Submit" time="0.001" classname="Execution.Executetestcases"/>
</testsuite> <!-- Test -->
